Determining if the function crc32c_value exists in the crc32c failed with the following output:
Change Dir: /home/zsq/leveldb-master/build/CMakeFiles/CMakeTmp

Run Build Command(s):/usr/bin/make cmTC_a3e01/fast && /usr/bin/make -f CMakeFiles/cmTC_a3e01.dir/build.make CMakeFiles/cmTC_a3e01.dir/build
make[1]: Entering directory '/home/zsq/leveldb-master/build/CMakeFiles/CMakeTmp'
Building C object CMakeFiles/cmTC_a3e01.dir/CheckFunctionExists.c.o
/usr/bin/cc   -DCHECK_FUNCTION_EXISTS=crc32c_value   -o CMakeFiles/cmTC_a3e01.dir/CheckFunctionExists.c.o   -c /usr/share/cmake-3.15/Modules/CheckFunctionExists.c
Linking C executable cmTC_a3e01
/usr/bin/cmake -E cmake_link_script CMakeFiles/cmTC_a3e01.dir/link.txt --verbose=1
/usr/bin/cc  -DCHECK_FUNCTION_EXISTS=crc32c_value    -rdynamic CMakeFiles/cmTC_a3e01.dir/CheckFunctionExists.c.o  -o cmTC_a3e01 -lcrc32c 
/usr/bin/ld: cannot find -lcrc32c
collect2: error: ld returned 1 exit status
CMakeFiles/cmTC_a3e01.dir/build.make:86: recipe for target 'cmTC_a3e01' failed
make[1]: *** [cmTC_a3e01] Error 1
make[1]: Leaving directory '/home/zsq/leveldb-master/build/CMakeFiles/CMakeTmp'
Makefile:121: recipe for target 'cmTC_a3e01/fast' failed
make: *** [cmTC_a3e01/fast] Error 2



Determining if the F_FULLFSYNC exist failed with the following output:
Change Dir: /home/zsq/leveldb-master/build/CMakeFiles/CMakeTmp

Run Build Command(s):/usr/bin/make cmTC_30263/fast && /usr/bin/make -f CMakeFiles/cmTC_30263.dir/build.make CMakeFiles/cmTC_30263.dir/build
make[1]: Entering directory '/home/zsq/leveldb-master/build/CMakeFiles/CMakeTmp'
Building CXX object CMakeFiles/cmTC_30263.dir/CheckSymbolExists.cxx.o
/usr/bin/c++     -o CMakeFiles/cmTC_30263.dir/CheckSymbolExists.cxx.o -c /home/zsq/leveldb-master/build/CMakeFiles/CMakeTmp/CheckSymbolExists.cxx
/home/zsq/leveldb-master/build/CMakeFiles/CMakeTmp/CheckSymbolExists.cxx: In function ‘int main(int, char**)’:
/home/zsq/leveldb-master/build/CMakeFiles/CMakeTmp/CheckSymbolExists.cxx:8:19: error: ‘F_FULLFSYNC’ was not declared in this scope
   return ((int*)(&F_FULLFSYNC))[argc];
                   ^~~~~~~~~~~
/home/zsq/leveldb-master/build/CMakeFiles/CMakeTmp/CheckSymbolExists.cxx:8:19: note: suggested alternative: ‘O_FSYNC’
   return ((int*)(&F_FULLFSYNC))[argc];
                   ^~~~~~~~~~~
                   O_FSYNC
CMakeFiles/cmTC_30263.dir/build.make:65: recipe for target 'CMakeFiles/cmTC_30263.dir/CheckSymbolExists.cxx.o' failed
make[1]: *** [CMakeFiles/cmTC_30263.dir/CheckSymbolExists.cxx.o] Error 1
make[1]: Leaving directory '/home/zsq/leveldb-master/build/CMakeFiles/CMakeTmp'
Makefile:121: recipe for target 'cmTC_30263/fast' failed
make: *** [cmTC_30263/fast] Error 2


File /home/zsq/leveldb-master/build/CMakeFiles/CMakeTmp/CheckSymbolExists.cxx:
/* */
#include <fcntl.h>

int main(int argc, char** argv)
{
  (void)argv;
#ifndef F_FULLFSYNC
  return ((int*)(&F_FULLFSYNC))[argc];
#else
  (void)argc;
  return 0;
#endif
}

Performing C++ SOURCE FILE Test HAVE_CLANG_THREAD_SAFETY failed with the following output:
Change Dir: /home/zsq/leveldb-master/build/CMakeFiles/CMakeTmp

Run Build Command(s):/usr/bin/make cmTC_8f3a6/fast && /usr/bin/make -f CMakeFiles/cmTC_8f3a6.dir/build.make CMakeFiles/cmTC_8f3a6.dir/build
make[1]: Entering directory '/home/zsq/leveldb-master/build/CMakeFiles/CMakeTmp'
Building CXX object CMakeFiles/cmTC_8f3a6.dir/src.cxx.o
/usr/bin/c++    -fno-exceptions -fno-rtti -DHAVE_CLANG_THREAD_SAFETY -Werror   -o CMakeFiles/cmTC_8f3a6.dir/src.cxx.o -c /home/zsq/leveldb-master/build/CMakeFiles/CMakeTmp/src.cxx
/home/zsq/leveldb-master/build/CMakeFiles/CMakeTmp/src.cxx:2:34: error: ‘lockable’ attribute directive ignored [-Werror=attributes]
 struct __attribute__((lockable)) Lock {
                                  ^~~~
/home/zsq/leveldb-master/build/CMakeFiles/CMakeTmp/src.cxx:3:59: error: ‘exclusive_lock_function’ attribute directive ignored [-Werror=attributes]
   void Acquire() __attribute__((exclusive_lock_function()));
                                                           ^
/home/zsq/leveldb-master/build/CMakeFiles/CMakeTmp/src.cxx:4:51: error: ‘unlock_function’ attribute directive ignored [-Werror=attributes]
   void Release() __attribute__((unlock_function()));
                                                   ^
/home/zsq/leveldb-master/build/CMakeFiles/CMakeTmp/src.cxx:8:46: error: ‘guarded_by’ attribute directive ignored [-Werror=attributes]
   int data_ __attribute__((guarded_by(lock_)));
                                              ^
cc1plus: all warnings being treated as errors
CMakeFiles/cmTC_8f3a6.dir/build.make:65: recipe for target 'CMakeFiles/cmTC_8f3a6.dir/src.cxx.o' failed
make[1]: *** [CMakeFiles/cmTC_8f3a6.dir/src.cxx.o] Error 1
make[1]: Leaving directory '/home/zsq/leveldb-master/build/CMakeFiles/CMakeTmp'
Makefile:121: recipe for target 'cmTC_8f3a6/fast' failed
make: *** [cmTC_8f3a6/fast] Error 2


Source file was:

struct __attribute__((lockable)) Lock {
  void Acquire() __attribute__((exclusive_lock_function()));
  void Release() __attribute__((unlock_function()));
};
struct ThreadSafeType {
  Lock lock_;
  int data_ __attribute__((guarded_by(lock_)));
};
int main() { return 0; }

Performing C SOURCE FILE Test CMAKE_HAVE_LIBC_PTHREAD failed with the following output:
Change Dir: /home/zsq/leveldb-master/build/CMakeFiles/CMakeTmp

Run Build Command(s):/usr/bin/make cmTC_53378/fast && /usr/bin/make -f CMakeFiles/cmTC_53378.dir/build.make CMakeFiles/cmTC_53378.dir/build
make[1]: Entering directory '/home/zsq/leveldb-master/build/CMakeFiles/CMakeTmp'
Building C object CMakeFiles/cmTC_53378.dir/src.c.o
/usr/bin/cc   -Wstrict-prototypes -DCMAKE_HAVE_LIBC_PTHREAD   -o CMakeFiles/cmTC_53378.dir/src.c.o   -c /home/zsq/leveldb-master/build/CMakeFiles/CMakeTmp/src.c
Linking C executable cmTC_53378
/usr/bin/cmake -E cmake_link_script CMakeFiles/cmTC_53378.dir/link.txt --verbose=1
/usr/bin/cc  -Wstrict-prototypes -DCMAKE_HAVE_LIBC_PTHREAD    -rdynamic CMakeFiles/cmTC_53378.dir/src.c.o  -o cmTC_53378 
CMakeFiles/cmTC_53378.dir/src.c.o: In function `main':
src.c:(.text+0x3c): undefined reference to `pthread_create'
src.c:(.text+0x48): undefined reference to `pthread_detach'
src.c:(.text+0x59): undefined reference to `pthread_join'
src.c:(.text+0x6d): undefined reference to `pthread_atfork'
collect2: error: ld returned 1 exit status
CMakeFiles/cmTC_53378.dir/build.make:86: recipe for target 'cmTC_53378' failed
make[1]: *** [cmTC_53378] Error 1
make[1]: Leaving directory '/home/zsq/leveldb-master/build/CMakeFiles/CMakeTmp'
Makefile:121: recipe for target 'cmTC_53378/fast' failed
make: *** [cmTC_53378/fast] Error 2


Source file was:
#include <pthread.h>

void* test_func(void* data)
{
  return data;
}

int main(void)
{
  pthread_t thread;
  pthread_create(&thread, NULL, test_func, NULL);
  pthread_detach(thread);
  pthread_join(thread, NULL);
  pthread_atfork(NULL, NULL, NULL);
  pthread_exit(NULL);

  return 0;
}

Determining if the function pthread_create exists in the pthreads failed with the following output:
Change Dir: /home/zsq/leveldb-master/build/CMakeFiles/CMakeTmp

Run Build Command(s):/usr/bin/make cmTC_69bbb/fast && /usr/bin/make -f CMakeFiles/cmTC_69bbb.dir/build.make CMakeFiles/cmTC_69bbb.dir/build
make[1]: Entering directory '/home/zsq/leveldb-master/build/CMakeFiles/CMakeTmp'
Building C object CMakeFiles/cmTC_69bbb.dir/CheckFunctionExists.c.o
/usr/bin/cc   -Wstrict-prototypes -DCHECK_FUNCTION_EXISTS=pthread_create   -o CMakeFiles/cmTC_69bbb.dir/CheckFunctionExists.c.o   -c /usr/share/cmake-3.15/Modules/CheckFunctionExists.c
Linking C executable cmTC_69bbb
/usr/bin/cmake -E cmake_link_script CMakeFiles/cmTC_69bbb.dir/link.txt --verbose=1
/usr/bin/cc  -Wstrict-prototypes -DCHECK_FUNCTION_EXISTS=pthread_create    -rdynamic CMakeFiles/cmTC_69bbb.dir/CheckFunctionExists.c.o  -o cmTC_69bbb -lpthreads 
/usr/bin/ld: cannot find -lpthreads
collect2: error: ld returned 1 exit status
CMakeFiles/cmTC_69bbb.dir/build.make:86: recipe for target 'cmTC_69bbb' failed
make[1]: *** [cmTC_69bbb] Error 1
make[1]: Leaving directory '/home/zsq/leveldb-master/build/CMakeFiles/CMakeTmp'
Makefile:121: recipe for target 'cmTC_69bbb/fast' failed
make: *** [cmTC_69bbb/fast] Error 2



Performing C++ SOURCE FILE Test HAVE_KYOTOCABINET failed with the following output:
Change Dir: /home/zsq/leveldb-master/build/CMakeFiles/CMakeTmp

Run Build Command(s):/usr/bin/make cmTC_4b2b7/fast && /usr/bin/make -f CMakeFiles/cmTC_4b2b7.dir/build.make CMakeFiles/cmTC_4b2b7.dir/build
make[1]: Entering directory '/home/zsq/leveldb-master/build/CMakeFiles/CMakeTmp'
Building CXX object CMakeFiles/cmTC_4b2b7.dir/src.cxx.o
/usr/bin/c++    -fno-exceptions -fno-rtti -DHAVE_KYOTOCABINET   -o CMakeFiles/cmTC_4b2b7.dir/src.cxx.o -c /home/zsq/leveldb-master/build/CMakeFiles/CMakeTmp/src.cxx
/home/zsq/leveldb-master/build/CMakeFiles/CMakeTmp/src.cxx:2:10: fatal error: kcpolydb.h: No such file or directory
 #include <kcpolydb.h>
          ^~~~~~~~~~~~
compilation terminated.
CMakeFiles/cmTC_4b2b7.dir/build.make:65: recipe for target 'CMakeFiles/cmTC_4b2b7.dir/src.cxx.o' failed
make[1]: *** [CMakeFiles/cmTC_4b2b7.dir/src.cxx.o] Error 1
make[1]: Leaving directory '/home/zsq/leveldb-master/build/CMakeFiles/CMakeTmp'
Makefile:121: recipe for target 'cmTC_4b2b7/fast' failed
make: *** [cmTC_4b2b7/fast] Error 2


Source file was:

#include <kcpolydb.h>

int main() {
  kyotocabinet::TreeDB* db = new kyotocabinet::TreeDB();
  delete db;
  return 0;
}
  
